\BOOKMARK [0][-]{title.0}{Front Page}{}% 1
\BOOKMARK [0][-]{.0}{Short Description}{}% 2
\BOOKMARK [0][-]{acknowledgment.0}{Acknowledgments}{}% 3
\BOOKMARK [0][-]{abstract.0}{Abstract}{}% 4
\BOOKMARK [0][-]{toc.0}{Contents}{}% 5
\BOOKMARK [0][-]{chapter*.4}{List of Figures}{}% 6
\BOOKMARK [0][-]{chapter*.5}{List of Tables}{}% 7
\BOOKMARK [0][-]{chapter*.6}{Abbreviations and Symbols}{}% 8
\BOOKMARK [0][-]{chapter.1}{1 Introduction}{}% 9
\BOOKMARK [1][-]{section.1.1}{1.1 Motivation}{chapter.1}% 10
\BOOKMARK [1][-]{section.1.2}{1.2 Aim}{chapter.1}% 11
\BOOKMARK [1][-]{section.1.3}{1.3 Contribution}{chapter.1}% 12
\BOOKMARK [1][-]{section.1.4}{1.4 Outline}{chapter.1}% 13
\BOOKMARK [0][-]{chapter.2}{2 Literature Review}{}% 14
\BOOKMARK [1][-]{section.2.1}{2.1 Taxonomy of Multi-Robot Coordination Problems}{chapter.2}% 15
\BOOKMARK [1][-]{section.2.2}{2.2 Taxonomy of Routing Problems}{chapter.2}% 16
\BOOKMARK [2][-]{subsection.2.2.1}{2.2.1 Variants of the vehicle routing problem}{section.2.2}% 17
\BOOKMARK [2][-]{subsection.2.2.2}{2.2.2 Synchronization in Vehicle Routing}{section.2.2}% 18
\BOOKMARK [2][-]{subsection.2.2.3}{2.2.3 VRP Taxonomies}{section.2.2}% 19
\BOOKMARK [2][-]{subsection.2.2.4}{2.2.4 Comparing MRTA and VRP taxonomies}{section.2.2}% 20
\BOOKMARK [1][-]{section.2.3}{2.3 Approaches for solving vehicle routing problems}{chapter.2}% 21
\BOOKMARK [2][-]{subsection.2.3.1}{2.3.1 Metaheuristics}{section.2.3}% 22
\BOOKMARK [2][-]{subsection.2.3.2}{2.3.2 Exact solution approaches}{section.2.3}% 23
\BOOKMARK [2][-]{subsection.2.3.3}{2.3.3 Interactive optimization}{section.2.3}% 24
\BOOKMARK [2][-]{subsection.2.3.4}{2.3.4 Others}{section.2.3}% 25
\BOOKMARK [1][-]{section.2.4}{2.4 Approaches for solving multi-robot coordination problems}{chapter.2}% 26
\BOOKMARK [2][-]{subsection.2.4.1}{2.4.1 Instantaneous assignment}{section.2.4}% 27
\BOOKMARK [2][-]{subsection.2.4.2}{2.4.2 Time-extended assignment}{section.2.4}% 28
\BOOKMARK [1][-]{section.2.5}{2.5 Existing solutions}{chapter.2}% 29
\BOOKMARK [2][-]{subsection.2.5.1}{2.5.1 Comparison of selected approaches}{section.2.5}% 30
\BOOKMARK [2][-]{subsection.2.5.2}{2.5.2 The case of exact methods}{section.2.5}% 31
\BOOKMARK [2][-]{subsection.2.5.3}{2.5.3 Evaluation}{section.2.5}% 32
\BOOKMARK [2][-]{subsection.2.5.4}{2.5.4 Complete Overview}{section.2.5}% 33
\BOOKMARK [0][-]{chapter.3}{3 Theory}{}% 34
\BOOKMARK [1][-]{section.3.1}{3.1 Combinatorial Optimization}{chapter.3}% 35
\BOOKMARK [2][-]{subsection.3.1.1}{3.1.1 Mixed Integer Programming}{section.3.1}% 36
\BOOKMARK [1][-]{section.3.2}{3.2 Local Search in Routing}{chapter.3}% 37
\BOOKMARK [1][-]{section.3.3}{3.3 Evolutionary Algorithms}{chapter.3}% 38
\BOOKMARK [0][-]{chapter.4}{4 Computational Results}{}% 39
\BOOKMARK [1][-]{section.4.1}{4.1 Investigating the objective function}{chapter.4}% 40
\BOOKMARK [1][-]{section.4.2}{4.2 Genetic Algorithm Improvements}{chapter.4}% 41
\BOOKMARK [2][-]{subsection.4.2.1}{4.2.1 Population Size}{section.4.2}% 42
\BOOKMARK [2][-]{subsection.4.2.2}{4.2.2 Select Operator}{section.4.2}% 43
\BOOKMARK [2][-]{subsection.4.2.3}{4.2.3 Construction Heuristic}{section.4.2}% 44
\BOOKMARK [1][-]{section.4.3}{4.3 Sensitivity Analysis}{chapter.4}% 45
\BOOKMARK [2][-]{subsection.4.3.1}{4.3.1 Problem Size}{section.4.3}% 46
\BOOKMARK [2][-]{subsection.4.3.2}{4.3.2 Cooperation Constraints}{section.4.3}% 47
\BOOKMARK [2][-]{subsection.4.3.3}{4.3.3 Precedence Constraints}{section.4.3}% 48
\BOOKMARK [2][-]{subsection.4.3.4}{4.3.4 Degree of Heterogeneity}{section.4.3}% 49
\BOOKMARK [1][-]{section.4.4}{4.4 Friedmann Test}{chapter.4}% 50
\BOOKMARK [1][-]{section.4.5}{4.5 Evaluation Criteria}{chapter.4}% 51
\BOOKMARK [0][-]{chapter.5}{5 Summary and Outlook}{}% 52
\BOOKMARK [1][-]{section.5.1}{5.1 Discussion}{chapter.5}% 53
\BOOKMARK [1][-]{section.5.2}{5.2 Conclusion}{chapter.5}% 54
\BOOKMARK [1][-]{section.5.3}{5.3 Future Work}{chapter.5}% 55
\BOOKMARK [0][-]{appendix.A}{A erster Anhang}{}% 56
\BOOKMARK [1][-]{section.A.1}{A.1 erste Untergliederung}{appendix.A}% 57
\BOOKMARK [1][-]{section.A.2}{A.2 Quellcodes}{appendix.A}% 58
\BOOKMARK [0][-]{appendix*.31}{Bibliography}{}% 59
